
> starter_helpi@0.1.0 test
> react-scripts test --coverage

PASS src/App.test.tsx
  ✓ renders learn react link (47 ms)

[0;33mOne of your dependencies, babel-preset-react-app, is importing the
"@babel/plugin-proposal-private-property-in-object" package without
declaring it in its dependencies. This is currently working because
"@babel/plugin-proposal-private-property-in-object" is already in your
node_modules folder for unrelated reasons, but it [1mmay break at any time[0;33m.

babel-preset-react-app is part of the create-react-app project, [1mwhich
is not maintianed anymore[0;33m. It is thus unlikely that this bug will
ever be fixed. Add "@babel/plugin-proposal-private-property-in-object" to
your devDependencies to work around this error. This will make this message
go away.[0m
  
--------------------------|---------|----------|---------|---------|--------------------------------------
File                      | % Stmts | % Branch | % Funcs | % Lines | Uncovered Line #s                    
--------------------------|---------|----------|---------|---------|--------------------------------------
All files                 |    6.04 |     4.64 |    4.06 |     6.3 |                                      
 src                      |   33.96 |    19.11 |   36.36 |   33.33 |                                      
  App.tsx                 |   42.85 |    20.31 |   44.44 |    42.5 | 22,30-36,41,44,49-73,76,79           
  index.tsx               |       0 |      100 |     100 |       0 | 6-18                                 
  reportWebVitals.ts      |       0 |        0 |       0 |       0 | 3-10                                 
 src/Components           |    2.94 |        0 |    0.89 |    3.17 |                                      
  AboutUsPage.tsx         |       0 |      100 |       0 |       0 | 8-11                                 
  BasicQuizPage.tsx       |    1.85 |        0 |       0 |    1.92 | 8-212                                
  ChineseAboutUsPage.tsx  |       0 |      100 |       0 |       0 | 8-11                                 
  ChineseBasicQuiz.tsx    |    1.75 |        0 |       0 |    2.08 | 7-183                                
  ChineseDetailedQuiz.tsx |    1.53 |        0 |       0 |    1.63 | 8-157                                
  ChineseHomeButtons.tsx  |       0 |      100 |       0 |       0 | 4-11                                 
  DetailedQuizPage.tsx    |    1.61 |        0 |       0 |    1.75 | 7-153                                
  HomeButtons.tsx         |      60 |      100 |   33.33 |      60 | 5,9                                  
  LoadingScreen.tsx       |       0 |      100 |       0 |       0 | 6                                    
  SpanishAboutUsPage.tsx  |       0 |      100 |       0 |       0 | 8-11                                 
  SpanishBasicQuiz.tsx    |    1.75 |        0 |       0 |    2.04 | 8-186                                
  SpanishDetailedQuiz.tsx |    1.61 |        0 |       0 |    1.72 | 7-141                                
  SpanishHomeButtons.tsx  |       0 |      100 |       0 |       0 | 4-11                                 
  chatgpt.ts              |    5.31 |        0 |       0 |    5.49 | 19-88,99-109,113-168,182-192,196-426 
--------------------------|---------|----------|---------|---------|--------------------------------------
Test Suites: 1 passed, 1 total
Tests:       1 passed, 1 total
Snapshots:   0 total
Time:        3.847 s
Ran all test suites.
