
> starter_helpi@0.1.0 test
> react-scripts test --coverage

PASS src/App.test.tsx
  ✓ renders learn react link (42 ms)

-------------------------|---------|----------|---------|---------|----------------------
File                     | % Stmts | % Branch | % Funcs | % Lines | Uncovered Line #s    
-------------------------|---------|----------|---------|---------|----------------------
All files                |   16.92 |     8.45 |    9.43 |    16.8 |                      
 src                     |    42.1 |    22.22 |      40 |   41.66 |                      
  App.tsx                |   59.25 |    26.08 |      50 |      60 | 15,23-29,34,39-44,47 
  index.tsx              |       0 |      100 |     100 |       0 | 6-18                 
  reportWebVitals.ts     |       0 |        0 |       0 |       0 | 3-10                 
 src/Components          |    6.52 |        0 |    2.32 |    6.74 |                      
  BasicQuizPage.tsx      |     3.7 |        0 |       0 |    3.84 | 5-121                
  DetailedQuizPage.tsx   |    3.57 |        0 |       0 |     3.7 | 4-124                
  HomeButtons.tsx        |      60 |      100 |   33.33 |      60 | 5,9                  
  SpanishBasicQuiz.tsx   |     3.7 |        0 |       0 |    3.84 | 5-121                
  SpanishHomeButtons.tsx |       0 |      100 |       0 |       0 | 4-11                 
-------------------------|---------|----------|---------|---------|----------------------
Test Suites: 1 passed, 1 total
Tests:       1 passed, 1 total
Snapshots:   0 total
Time:        3.069 s
Ran all test suites.
[0;33mOne of your dependencies, babel-preset-react-app, is importing the
"@babel/plugin-proposal-private-property-in-object" package without
declaring it in its dependencies. This is currently working because
"@babel/plugin-proposal-private-property-in-object" is already in your
node_modules folder for unrelated reasons, but it [1mmay break at any time[0;33m.

babel-preset-react-app is part of the create-react-app project, [1mwhich
is not maintianed anymore[0;33m. It is thus unlikely that this bug will
ever be fixed. Add "@babel/plugin-proposal-private-property-in-object" to
your devDependencies to work around this error. This will make this message
go away.[0m
  
